🚀 bridge42worlds generator
   Languages: ['ru', 'en', 'es']
🔄 Regenerate HTML only (no API)
✅ knowledge-graph.json: узлов 419 (тег 196, закон 94, учёный 129), рёбер 2959
   по типам: law-law=190 · law-sci=112 · law-tag=287 · sci-sci=41 · sci-tag=1561 · tag-tag=768
  🏷️ Tags updated for ru
  👨‍🔬 Scientists updated for ru
  ⚖️ Laws updated for ru (94 pages)
  🏷️ Tags updated for en
  👨‍🔬 Scientists updated for en
  ⚖️ Laws updated for en (94 pages)
  🏷️ Tags updated for es
  👨‍🔬 Scientists updated for es
  ⚖️ Laws updated for es (89 pages)
  👥 Authors updated (10579 authors)
  🗺️ Sitemaps: sitemap-ru.xml, sitemap-en.xml, sitemap-es.xml + sitemap.xml
  📡 Feeds: feed-ru.xml, feed-en.xml, feed-es.xml
  📊 status.html (840 статей, 10579 авторов)
  ✅ Regenerated 10080 HTML pages + tags/scientists/authors/laws/graph
  ✅ Индексы пересобраны (2520 записей popular по всем языкам)
  ✅ Ссылки целы: проверено 21962 HTML-файлов, битых не найдено
