🚀 bridge42worlds generator
   Languages: ['ru', 'en', 'es']
🔄 Regenerate HTML only (no API)
✅ knowledge-graph.json: узлов 419 (тег 196, закон 94, учёный 129), рёбер 2959
   по типам: law-law=190 · law-sci=112 · law-tag=287 · sci-sci=41 · sci-tag=1561 · tag-tag=768
  🏷️ Tags updated for ru
  👨‍🔬 Scientists updated for ru
  ⚖️ Laws updated for ru (94 pages)
  🏷️ Tags updated for en
  👨‍🔬 Scientists updated for en
  ⚖️ Laws updated for en (94 pages)
  🏷️ Tags updated for es
  👨‍🔬 Scientists updated for es
  ⚖️ Laws updated for es (89 pages)
  👥 Authors updated (10579 authors)
  🗺️ Sitemaps: sitemap-ru.xml, sitemap-en.xml, sitemap-es.xml + sitemap.xml
  📡 Feeds: feed-ru.xml, feed-en.xml, feed-es.xml
  📊 status.html (840 статей, 10579 авторов)
  ✅ Regenerated 10080 HTML pages + tags/scientists/authors/laws/graph
  ✅ Индексы пересобраны (2520 записей popular по всем языкам)
  ⚠️ Битых ссылок: 169 (уникальных целей) в 21961 проверенных файлах
      /lang/ru/authors/other.html  ← lang\ru\authors\a.html, lang\ru\authors\b.html, lang\ru\authors\c.html и ещё 24
      /lang/ru/authors/-.html  ← lang\ru\archive\2025-10-04\2510.03702\advanced.html, lang\ru\archive\2025-10-04\2510.03702\index.html, lang\ru\archive\2025-10-04\2510.03702\mini.html и ещё 9
      /lang/es/scientists/Leonhard_Euler.html  ← lang\es\laws\bernoullis_principle.html, lang\es\laws\eulers_formula.html, lang\es\laws\principle_of_least_action.html
      /lang/es/scientists/Rudolf_Clausius.html  ← lang\es\laws\first_law_of_thermodynamics.html, lang\es\laws\second_law_of_thermodynamics.html, lang\es\laws\virial_theorem.html
      /lang/en/scientists/Leonhard_Euler.html  ← lang\en\laws\bernoullis_principle.html, lang\en\laws\eulers_formula.html, lang\en\laws\principle_of_least_action.html
      /lang/en/scientists/Rudolf_Clausius.html  ← lang\en\laws\first_law_of_thermodynamics.html, lang\en\laws\second_law_of_thermodynamics.html, lang\en\laws\virial_theorem.html
      ' + (a.url || '/lang/ru/archive/' + a.date + '/' + a.id + '/index.html') + '  ← lang\ru\index-alt.html, lang\ru\index-alt.html
      /lang/ru/scientists/Leonhard_Euler.html  ← lang\ru\laws\bernoullis_principle.html, lang\ru\laws\principle_of_least_action.html
      /lang/ru/scientists/James_Prescott_Joule.html  ← lang\ru\laws\first_law_of_thermodynamics.html, lang\ru\laws\law_of_conservation_of_energy.html
      /lang/ru/scientists/Hermann_von_Helmholtz.html  ← lang\ru\laws\first_law_of_thermodynamics.html, lang\ru\laws\law_of_conservation_of_energy.html
      /lang/ru/scientists/Rudolf_Clausius.html  ← lang\ru\laws\first_law_of_thermodynamics.html, lang\ru\laws\second_law_of_thermodynamics.html
      /lang/es/tags/electromagnetismo.html  ← lang\es\laws\amperes_law.html, lang\es\laws\faradays_law_of_induction.html
      /lang/es/tags/campo_eléctrico.html  ← lang\es\laws\amperes_law.html, lang\es\laws\faradays_law_of_induction.html
      /lang/en/scientists/James_Prescott_Joule.html  ← lang\en\laws\first_law_of_thermodynamics.html, lang\en\laws\law_of_conservation_of_energy.html
      /lang/' + l + '/index.html  ← index.html
      ' + imgPath + '  ← lang\ru\index-alt.html
      /lang/ru/scientists/André-Marie_Ampère.html  ← lang\ru\laws\amperes_law.html
      /lang/ru/scientists/Архимед.html  ← lang\ru\laws\archimedes_principle.html
      /lang/ru/scientists/Daniel_Bernoulli.html  ← lang\ru\laws\bernoullis_principle.html
      /lang/ru/scientists/Johann_Bernoulli.html  ← lang\ru\laws\bernoullis_principle.html
      /lang/ru/scientists/Hendrik_Casimir.html  ← lang\ru\laws\casimir_effect.html
      /lang/ru/scientists/Charles-Augustin_de_Coulomb.html  ← lang\ru\laws\coulombs_law.html
      /lang/ru/scientists/Gerhart_Lüders.html  ← lang\ru\laws\cpt_theorem.html
      /lang/ru/scientists/Альберт_Эйнштейн.html  ← lang\ru\laws\einstein_field_equations.html
      /lang/ru/scientists/Леонард_Эйлер.html  ← lang\ru\laws\eulers_formula.html
      /lang/ru/scientists/Julius_Robert_von_Mayer.html  ← lang\ru\laws\first_law_of_thermodynamics.html
      /lang/ru/scientists/Alexander_Friedmann.html  ← lang\ru\laws\friedmann_equations.html
      /lang/ru/scientists/Chung_Ki_Hong.html  ← lang\ru\laws\hongoumandel_effect.html
      /lang/ru/scientists/Zhe-Yu_Ou.html  ← lang\ru\laws\hongoumandel_effect.html
      /lang/ru/scientists/Leonard_Mandel.html  ← lang\ru\laws\hongoumandel_effect.html
      /lang/ru/scientists/Robert_Boyle.html  ← lang\ru\laws\ideal_gas_law.html
      /lang/ru/scientists/Jacques_Charles.html  ← lang\ru\laws\ideal_gas_law.html
      /lang/ru/scientists/Joseph_Louis_Gay-Lussac.html  ← lang\ru\laws\ideal_gas_law.html
      /lang/ru/scientists/Amedeo_Avogadro.html  ← lang\ru\laws\ideal_gas_law.html
      /lang/ru/scientists/Émile_Clapeyron.html  ← lang\ru\laws\ideal_gas_law.html
      /lang/ru/scientists/Dmitri_Mendeleev.html  ← lang\ru\laws\ideal_gas_law.html
      /lang/ru/scientists/James_Jeans.html  ← lang\ru\laws\jeans_instability.html
      /lang/ru/scientists/Brian_Josephson.html  ← lang\ru\laws\josephson_effect.html
      /lang/ru/scientists/Julius_von_Mayer.html  ← lang\ru\laws\law_of_conservation_of_energy.html
      /lang/ru/scientists/Josef_Lense.html  ← lang\ru\laws\lense_thirring_effect.html
      /lang/ru/scientists/Hans_Thirring.html  ← lang\ru\laws\lense_thirring_effect.html
      /lang/ru/scientists/Rudolf_Mössbauer.html  ← lang\ru\laws\mossbauer_effect.html
      /lang/ru/scientists/Dennis_Dieks.html  ← lang\ru\laws\nocloning_theorem.html
      /lang/ru/scientists/Georg_Ohm.html  ← lang\ru\laws\ohms_law.html
      /lang/ru/scientists/Макс_Планк.html  ← lang\ru\laws\plancks_law.html
      /lang/ru/scientists/John_Henry_Poynting.html  ← lang\ru\laws\poyntings_theorem.html
      /lang/ru/scientists/Pierre_Louis_Maupertuis.html  ← lang\ru\laws\principle_of_least_action.html
      /lang/ru/scientists/Joseph-Louis_Lagrange.html  ← lang\ru\laws\principle_of_least_action.html
      /lang/ru/scientists/William_Rowan_Hamilton.html  ← lang\ru\laws\principle_of_least_action.html
      /lang/ru/scientists/Пифагор.html  ← lang\ru\laws\pythagorean_theorem.html
      /lang/ru/scientists/Евклид.html  ← lang\ru\laws\pythagorean_theorem.html
      /lang/ru/scientists/Klaus_von_Klitzing.html  ← lang\ru\laws\quantum_hall_effect.html
      /lang/ru/scientists/Daniel_Tsui.html  ← lang\ru\laws\quantum_hall_effect.html
      /lang/ru/scientists/Horst_Störmer.html  ← lang\ru\laws\quantum_hall_effect.html
      /lang/ru/scientists/Robert_Laughlin.html  ← lang\ru\laws\quantum_hall_effect.html
      /lang/ru/scientists/R_K_Sachs.html  ← lang\ru\laws\sachs_wolfe_effect.html
      /lang/ru/scientists/A_M_Wolfe.html  ← lang\ru\laws\sachs_wolfe_effect.html
      /lang/ru/scientists/Meghnad_Saha.html  ← lang\ru\laws\saha_equation.html
      /lang/ru/scientists/Willebrord_Snellius.html  ← lang\ru\laws\snells_law.html
      /lang/ru/scientists/David_Hilbert.html  ← lang\ru\laws\spectral_theorem.html
      /lang/ru/scientists/Josef_Stefan.html  ← lang\ru\laws\stefanboltzmann_law.html
      /lang/ru/scientists/Yakov_Zeldovich.html  ← lang\ru\laws\sunyaev_zeldovich_effect.html
      /lang/ru/scientists/Walther_Nernst.html  ← lang\ru\laws\third_law_of_thermodynamics.html
      /lang/ru/scientists/Ralph_Fowler.html  ← lang\ru\laws\zeroth_law_of_thermodynamics.html
      /lang/es/scientists/André-Marie_Ampère.html  ← lang\es\laws\amperes_law.html
      /lang/es/scientists/Архимед.html  ← lang\es\laws\archimedes_principle.html
      /lang/es/tags/agua.html  ← lang\es\laws\bernoullis_principle.html
      /lang/es/tags/turbulencia.html  ← lang\es\laws\bernoullis_principle.html
      /lang/es/scientists/Daniel_Bernoulli.html  ← lang\es\laws\bernoullis_principle.html
      /lang/es/scientists/Johann_Bernoulli.html  ← lang\es\laws\bernoullis_principle.html
      /lang/es/scientists/William_Henry_Bragg.html  ← lang\es\laws\braggs_law.html
      /lang/es/scientists/Hendrik_Casimir.html  ← lang\es\laws\casimir_effect.html
      /lang/es/scientists/Arthur_Holly_Compton.html  ← lang\es\laws\compton_effect.html
      /lang/es/scientists/Charles-Augustin_de_Coulomb.html  ← lang\es\laws\coulombs_law.html
      /lang/es/scientists/Gerhart_Lüders.html  ← lang\es\laws\cpt_theorem.html
      /lang/es/scientists/Альберт_Эйнштейн.html  ← lang\es\laws\einsteins_photoelectric_equation.html
      /lang/es/scientists/James_Prescott_Joule.html  ← lang\es\laws\first_law_of_thermodynamics.html
      /lang/es/scientists/Chung_Ki_Hong.html  ← lang\es\laws\hongoumandel_effect.html
      /lang/es/scientists/Zhe-Yu_Ou.html  ← lang\es\laws\hongoumandel_effect.html
      /lang/es/scientists/Leonard_Mandel.html  ← lang\es\laws\hongoumandel_effect.html
      /lang/es/scientists/Robert_Boyle.html  ← lang\es\laws\ideal_gas_law.html
      /lang/es/scientists/Jacques_Charles.html  ← lang\es\laws\ideal_gas_law.html
      /lang/es/scientists/Joseph_Louis_Gay-Lussac.html  ← lang\es\laws\ideal_gas_law.html
      /lang/es/scientists/Amedeo_Avogadro.html  ← lang\es\laws\ideal_gas_law.html
      /lang/es/scientists/Émile_Clapeyron.html  ← lang\es\laws\ideal_gas_law.html
      /lang/es/scientists/Dmitri_Mendeleev.html  ← lang\es\laws\ideal_gas_law.html
      /lang/es/scientists/James_Jeans.html  ← lang\es\laws\jeans_instability.html
      /lang/es/scientists/Brian_Josephson.html  ← lang\es\laws\josephson_effect.html
      /lang/es/scientists/Оскар_Клейн.html  ← lang\es\laws\kleingordon_equation.html
      /lang/es/scientists/Вальтер_Гордон.html  ← lang\es\laws\kleingordon_equation.html
      /lang/es/tags/momento_angular.html  ← lang\es\laws\law_of_conservation_of_angular_momentum.html
      /lang/es/tags/espín.html  ← lang\es\laws\law_of_conservation_of_angular_momentum.html
      /lang/es/tags/gravedad.html  ← lang\es\laws\law_of_conservation_of_angular_momentum.html
      /lang/es/scientists/Josef_Lense.html  ← lang\es\laws\lense_thirring_effect.html
      /lang/es/scientists/Hans_Thirring.html  ← lang\es\laws\lense_thirring_effect.html
      /lang/es/scientists/Rudolf_Mössbauer.html  ← lang\es\laws\mossbauer_effect.html
      /lang/es/scientists/Dennis_Dieks.html  ← lang\es\laws\nocloning_theorem.html
      /lang/es/scientists/John_Henry_Poynting.html  ← lang\es\laws\poyntings_theorem.html
      /lang/es/scientists/Pierre_Louis_Maupertuis.html  ← lang\es\laws\principle_of_least_action.html
      /lang/es/scientists/Joseph-Louis_Lagrange.html  ← lang\es\laws\principle_of_least_action.html
      /lang/es/scientists/William_Rowan_Hamilton.html  ← lang\es\laws\principle_of_least_action.html
      /lang/es/scientists/Pythagoras.html  ← lang\es\laws\pythagorean_theorem.html
      /lang/es/scientists/Klaus_von_Klitzing.html  ← lang\es\laws\quantum_hall_effect.html
      /lang/es/scientists/Daniel_Tsui.html  ← lang\es\laws\quantum_hall_effect.html
      /lang/es/scientists/Horst_Störmer.html  ← lang\es\laws\quantum_hall_effect.html
      /lang/es/scientists/Robert_Laughlin.html  ← lang\es\laws\quantum_hall_effect.html
      /lang/es/scientists/Rainer_Sachs.html  ← lang\es\laws\sachs_wolfe_effect.html
      /lang/es/scientists/Arthur_Wolfe.html  ← lang\es\laws\sachs_wolfe_effect.html
      /lang/es/scientists/Meghnad_Saha.html  ← lang\es\laws\saha_equation.html
      /lang/es/scientists/Sadi_Carnot.html  ← lang\es\laws\second_law_of_thermodynamics.html
      /lang/es/scientists/Lord_Kelvin.html  ← lang\es\laws\second_law_of_thermodynamics.html
      /lang/es/scientists/Willebrord_Snellius.html  ← lang\es\laws\snells_law.html
      /lang/es/scientists/David_Hilbert.html  ← lang\es\laws\spectral_theorem.html
      /lang/es/scientists/Josef_Stefan.html  ← lang\es\laws\stefanboltzmann_law.html
      /lang/es/scientists/Rashid_Sunyaev.html  ← lang\es\laws\sunyaev_zeldovich_effect.html
      /lang/es/scientists/Yakov_Zeldovich.html  ← lang\es\laws\sunyaev_zeldovich_effect.html
      /lang/es/scientists/Walther_Nernst.html  ← lang\es\laws\third_law_of_thermodynamics.html
      /lang/es/scientists/Ralph_Fowler.html  ← lang\es\laws\zeroth_law_of_thermodynamics.html
      /lang/en/scientists/André-Marie_Ampère.html  ← lang\en\laws\amperes_law.html
      /lang/en/scientists/Архимед.html  ← lang\en\laws\archimedes_principle.html
      /lang/en/scientists/Daniel_Bernoulli.html  ← lang\en\laws\bernoullis_principle.html
      /lang/en/scientists/Johann_Bernoulli.html  ← lang\en\laws\bernoullis_principle.html
      /lang/en/scientists/William_Henry_Bragg.html  ← lang\en\laws\braggs_law.html
      /lang/en/scientists/Hendrik_Casimir.html  ← lang\en\laws\casimir_effect.html
      /lang/en/scientists/Arthur_Holly_Compton.html  ← lang\en\laws\compton_effect.html
      /lang/en/scientists/Charles-Augustin_de_Coulomb.html  ← lang\en\laws\coulombs_law.html
      /lang/en/scientists/Gerhart_Lüders.html  ← lang\en\laws\cpt_theorem.html
      /lang/en/scientists/Альберт_Эйнштейн.html  ← lang\en\laws\einsteins_photoelectric_equation.html
      /lang/en/scientists/Chung_Ki_Hong.html  ← lang\en\laws\hongoumandel_effect.html
      /lang/en/scientists/Zhe-Yu_Ou.html  ← lang\en\laws\hongoumandel_effect.html
      /lang/en/scientists/Leonard_Mandel.html  ← lang\en\laws\hongoumandel_effect.html
      /lang/en/scientists/Robert_Boyle.html  ← lang\en\laws\ideal_gas_law.html
      /lang/en/scientists/Jacques_Charles.html  ← lang\en\laws\ideal_gas_law.html
      /lang/en/scientists/Joseph_Louis_Gay-Lussac.html  ← lang\en\laws\ideal_gas_law.html
      /lang/en/scientists/Amedeo_Avogadro.html  ← lang\en\laws\ideal_gas_law.html
      /lang/en/scientists/Émile_Clapeyron.html  ← lang\en\laws\ideal_gas_law.html
      /lang/en/scientists/Dmitri_Mendeleev.html  ← lang\en\laws\ideal_gas_law.html
      /lang/en/scientists/James_Jeans.html  ← lang\en\laws\jeans_instability.html
      /lang/en/scientists/Brian_Josephson.html  ← lang\en\laws\josephson_effect.html
      /lang/en/scientists/Оскар_Клейн.html  ← lang\en\laws\kleingordon_equation.html
      /lang/en/scientists/Вальтер_Гордон.html  ← lang\en\laws\kleingordon_equation.html
      /lang/en/scientists/Julius_von_Mayer.html  ← lang\en\laws\law_of_conservation_of_energy.html
      /lang/en/scientists/Hermann_von_Helmholtz.html  ← lang\en\laws\law_of_conservation_of_energy.html
      /lang/en/scientists/Josef_Lense.html  ← lang\en\laws\lense_thirring_effect.html
      /lang/en/scientists/Hans_Thirring.html  ← lang\en\laws\lense_thirring_effect.html
      /lang/en/scientists/Rudolf_Mössbauer.html  ← lang\en\laws\mossbauer_effect.html
      /lang/en/scientists/Dennis_Dieks.html  ← lang\en\laws\nocloning_theorem.html
      /lang/en/scientists/Georg_Ohm.html  ← lang\en\laws\ohms_law.html
      /lang/en/scientists/John_Henry_Poynting.html  ← lang\en\laws\poyntings_theorem.html
      /lang/en/scientists/Pierre_Louis_Maupertuis.html  ← lang\en\laws\principle_of_least_action.html
      /lang/en/scientists/Joseph-Louis_Lagrange.html  ← lang\en\laws\principle_of_least_action.html
      /lang/en/scientists/William_Rowan_Hamilton.html  ← lang\en\laws\principle_of_least_action.html
      /lang/en/scientists/Pythagoras.html  ← lang\en\laws\pythagorean_theorem.html
      /lang/en/scientists/Klaus_von_Klitzing.html  ← lang\en\laws\quantum_hall_effect.html
      /lang/en/scientists/Daniel_Tsui.html  ← lang\en\laws\quantum_hall_effect.html
      /lang/en/scientists/Horst_Störmer.html  ← lang\en\laws\quantum_hall_effect.html
      /lang/en/scientists/Robert_Laughlin.html  ← lang\en\laws\quantum_hall_effect.html
      /lang/en/scientists/Rainer_Sachs.html  ← lang\en\laws\sachs_wolfe_effect.html
      /lang/en/scientists/Arthur_Wolfe.html  ← lang\en\laws\sachs_wolfe_effect.html
      /lang/en/scientists/Meghnad_Saha.html  ← lang\en\laws\saha_equation.html
      /lang/en/scientists/Sadi_Carnot.html  ← lang\en\laws\second_law_of_thermodynamics.html
      /lang/en/scientists/Lord_Kelvin.html  ← lang\en\laws\second_law_of_thermodynamics.html
      /lang/en/scientists/Willebrord_Snellius.html  ← lang\en\laws\snells_law.html
      /lang/en/scientists/David_Hilbert.html  ← lang\en\laws\spectral_theorem.html
      /lang/en/scientists/Josef_Stefan.html  ← lang\en\laws\stefanboltzmann_law.html
      /lang/en/scientists/Rashid_Sunyaev.html  ← lang\en\laws\sunyaev_zeldovich_effect.html
      /lang/en/scientists/Yakov_Zeldovich.html  ← lang\en\laws\sunyaev_zeldovich_effect.html
      /lang/en/scientists/Walther_Nernst.html  ← lang\en\laws\third_law_of_thermodynamics.html
      /lang/en/scientists/Ralph_Fowler.html  ← lang\en\laws\zeroth_law_of_thermodynamics.html
